<?xml version="1.0" encoding="UTF-8"?>
<Site BuildName="(empty)"
	BuildStamp="20240627-1103-Experimental"
	Name="Stuti"
	Generator="ctest-3.22.1"
	CompilerName="/usr/bin/c++"
	CompilerVersion="11.4.0"
	OSName="Linux"
	Hostname="Stuti"
	OSRelease="6.5.0-41-generic"
	OSVersion="#41~22.04.2-Ubuntu SMP PREEMPT_DYNAMIC Mon Jun  3 11:32:55 UTC 2"
	OSPlatform="x86_64"
	Is64Bits="1"
	VendorString="GenuineIntel"
	VendorID="Intel Corporation"
	FamilyID="6"
	ModelID="154"
	ProcessorCacheSize="24576"
	NumberOfLogicalCPU="20"
	NumberOfPhysicalCPU="14"
	TotalVirtualMemory="2289"
	TotalPhysicalMemory="15773"
	LogicalProcessorsPerPhysical="1"
	ProcessorClockFrequency="3384.54"
	>
	<Testing>
		<StartDateTime>Jun 27 16:33 IST</StartDateTime>
		<StartTestTime>1719486199</StartTestTime>
		<TestList/>
		<EndDateTime>Jun 27 16:33 IST</EndDateTime>
		<EndTestTime>1719486199</EndTestTime>
		<ElapsedMinutes>0</ElapsedMinutes>
	</Testing>
</Site>
